#XSPEC version: 12.8.2
#Build Date/Time: Mon Sep 29 15:36:32 2014
#
!XSPEC12>statistic cstat;
#Default fit statistic is set to: C-Statistic
#   This will apply to all current and newly loaded spectra.
#
!XSPEC12>abund feld;
# Solar Abundance Vector set to feld:  Feldman U. Physica Scripta 46, 202 (1992) (abundances not included in this paper are set to grsa).
#
!XSPEC12>method leven 100 0.01;
#
!XSPEC12>xsect vern;
# Cross Section Table set to vern:  Verner, Ferland, Korista, and Yakovlev 1996
#
!XSPEC12>cosmo 70 0 0.7;
#
!XSPEC12>query yes;
#
!XSPEC12>setp energy;
#
!XSPEC12>setplot energy
#
!XSPEC12>setp command rescale x 0.5 7.0;
#
!XSPEC12>setplot command rescale x 0.5 7.0
#
!XSPEC12>da 1:1 16238_bin2_grp1.pi;
#
!XSPEC12>data 1:1 16238_bin2_grp1.pi
#
#1 spectrum  in use
# 
#Spectral Data File: 16238_bin2_grp1.pi  Spectrum 1
#Net count rate (cts/s) for Spectrum:1  1.587e-02 +/- 9.397e-04 (54.7 % total)
# After correction of 3.839e-04 (using cornorm 1.000)
# Assigned to Data Group 1 and Plot Group 1
#  Noticed Channels:  1-553
#  Telescope: CHANDRA Instrument: ACIS  Channel Type: PI
#  Exposure Time: 3.485e+04 sec
# Using fit statistic: cstat
# Using test statistic: chi
# Using Background File                16238_bin2_bkg.pi
#  Background Exposure Time: 2.404e+05 sec
# Using Correction File                16238_bin2_readbg.pi
# Using Response (RMF) File            16238_bin2.rmf for Source 1
# Using Auxiliary Response (ARF) File  16238_bin2.arf
#
#
!XSPEC12>da 2:2 16239_bin2_grp1.pi;
#
!XSPEC12>data 2:2 16239_bin2_grp1.pi
#
#2 spectra  in use
# 
#Spectral Data File: 16239_bin2_grp1.pi  Spectrum 2
#Net count rate (cts/s) for Spectrum:2  1.835e-02 +/- 8.261e-04 (56.6 % total)
# After correction of 0.000e+00 (using cornorm 1.000)
# Assigned to Data Group 2 and Plot Group 2
#  Noticed Channels:  1-654
#  Telescope: CHANDRA Instrument: ACIS  Channel Type: PI
#  Exposure Time: 5.089e+04 sec
# Using fit statistic: cstat
# Using test statistic: chi
# Using Background File                16239_bin2_bkg.pi
#  Background Exposure Time: 2.404e+05 sec
# Using Correction File                16239_bin2_readbg.pi
# Using Response (RMF) File            16239_bin2.rmf for Source 1
# Using Auxiliary Response (ARF) File  16239_bin2.arf
#
#
!XSPEC12>da 3:3 16306_bin2_grp1.pi;
#
!XSPEC12>data 3:3 16306_bin2_grp1.pi
#
#3 spectra  in use
# 
#Spectral Data File: 16306_bin2_grp1.pi  Spectrum 3
#Net count rate (cts/s) for Spectrum:3  1.948e-02 +/- 6.778e-04 (60.3 % total)
# After correction of 0.000e+00 (using cornorm 1.000)
# Assigned to Data Group 3 and Plot Group 3
#  Noticed Channels:  1-771
#  Telescope: CHANDRA Instrument: ACIS  Channel Type: PI
#  Exposure Time: 7.639e+04 sec
# Using fit statistic: cstat
# Using test statistic: chi
# Using Background File                16306_bin2_bkg.pi
#  Background Exposure Time: 2.404e+05 sec
# Using Correction File                16306_bin2_readbg.pi
# Using Response (RMF) File            16306_bin2.rmf for Source 1
# Using Auxiliary Response (ARF) File  16306_bin2.arf
#
#
!XSPEC12>da 4:4 16582_bin2_grp1.pi;
#
!XSPEC12>data 4:4 16582_bin2_grp1.pi
#
#4 spectra  in use
# 
#Spectral Data File: 16582_bin2_grp1.pi  Spectrum 4
#Net count rate (cts/s) for Spectrum:4  1.868e-02 +/- 1.323e-03 (58.7 % total)
# After correction of 0.000e+00 (using cornorm 1.000)
# Assigned to Data Group 4 and Plot Group 4
#  Noticed Channels:  1-400
#  Telescope: CHANDRA Instrument: ACIS  Channel Type: PI
#  Exposure Time: 1.858e+04 sec
# Using fit statistic: cstat
# Using test statistic: chi
# Using Background File                16582_bin2_bkg.pi
#  Background Exposure Time: 2.404e+05 sec
# Using Correction File                16582_bin2_readbg.pi
# Using Response (RMF) File            16582_bin2.rmf for Source 1
# Using Auxiliary Response (ARF) File  16582_bin2.arf
#
#
!XSPEC12>da 5:5 17595_bin2_grp1.pi;
#
!XSPEC12>data 5:5 17595_bin2_grp1.pi
#
#5 spectra  in use
# 
#Spectral Data File: 17595_bin2_grp1.pi  Spectrum 5
#Net count rate (cts/s) for Spectrum:5  1.711e-02 +/- 7.057e-04 (56.1 % total)
# After correction of 0.000e+00 (using cornorm 1.000)
# Assigned to Data Group 5 and Plot Group 5
#  Noticed Channels:  1-717
#  Telescope: CHANDRA Instrument: ACIS  Channel Type: PI
#  Exposure Time: 6.661e+04 sec
# Using fit statistic: cstat
# Using test statistic: chi
# Using Background File                17595_bin2_bkg.pi
#  Background Exposure Time: 2.404e+05 sec
# Using Correction File                17595_bin2_readbg.pi
# Using Response (RMF) File            17595_bin2.rmf for Source 1
# Using Auxiliary Response (ARF) File  17595_bin2.arf
#
#
!XSPEC12>da 6:6 17596_bin2_grp1.pi;
#
!XSPEC12>data 6:6 17596_bin2_grp1.pi
#
#6 spectra  in use
# 
#Spectral Data File: 17596_bin2_grp1.pi  Spectrum 6
#Net count rate (cts/s) for Spectrum:6  1.851e-02 +/- 7.119e-04 (57.2 % total)
# After correction of 0.000e+00 (using cornorm 1.000)
# Assigned to Data Group 6 and Plot Group 6
#  Noticed Channels:  1-755
#  Telescope: CHANDRA Instrument: ACIS  Channel Type: PI
#  Exposure Time: 6.981e+04 sec
# Using fit statistic: cstat
# Using test statistic: chi
# Using Background File                17596_bin2_bkg.pi
#  Background Exposure Time: 2.404e+05 sec
# Using Correction File                17596_bin2_readbg.pi
# Using Response (RMF) File            17596_bin2.rmf for Source 1
# Using Auxiliary Response (ARF) File  17596_bin2.arf
#
#
!XSPEC12>da 7:7 3589_bin2_grp1.pi;
#
!XSPEC12>data 7:7 3589_bin2_grp1.pi
#
#7 spectra  in use
# 
#Spectral Data File: 3589_bin2_grp1.pi  Spectrum 7
#Net count rate (cts/s) for Spectrum:7  2.189e-02 +/- 1.299e-03 (65.6 % total)
# After correction of 0.000e+00 (using cornorm 1.000)
# Assigned to Data Group 7 and Plot Group 7
#  Noticed Channels:  1-442
#  Telescope: CHANDRA Instrument: ACIS  Channel Type: PI
#  Exposure Time: 2.003e+04 sec
# Using fit statistic: cstat
# Using test statistic: chi
# Using Background File                3589_bin2_bkg.pi
#  Background Exposure Time: 4.15e+05 sec
# Using Correction File                3589_bin2_readbg.pi
# Using Response (RMF) File            3589_bin2.rmf for Source 1
# Using Auxiliary Response (ARF) File  3589_bin2.arf
#
#
!XSPEC12>corfile 1-7 none;
#
#***XSPEC Error:  cannot open file named: 1-7.cor
#Error: cannot read correction data file 
#
# correction file  read skipped
#Net count rate (cts/s) for Spectrum:2  1.835e-02 +/- 8.261e-04 (56.6 % total)
#
#
!XSPEC12>cornorm 1-7 0.0;
# Spectrum 1 correction norm set to 0
# Spectrum 2 correction norm set to 0
# Spectrum 3 correction norm set to 0
# Spectrum 4 correction norm set to 0
# Spectrum 5 correction norm set to 0
# Spectrum 6 correction norm set to 0
# Spectrum 7 correction norm set to 0
#
!XSPEC12>ig 1-7:**-0.5,7.0-**;
#
!XSPEC12>ignore 1-7:**-0.5,7.0-**
#    10 channels (1-10) ignored in spectrum #     1
#    11 channels (1-11) ignored in spectrum #     2
#    12 channels (1-12) ignored in spectrum #     3
#     4 channels (1-4) ignored in spectrum #     4
#    15 channels (1-15) ignored in spectrum #     5
#    14 channels (1-14) ignored in spectrum #     6
#     7 channels (1-7) ignored in spectrum #     7
#   241 channels (313-553) ignored in spectrum #     1
#   290 channels (365-654) ignored in spectrum #     2
#   358 channels (414-771) ignored in spectrum #     3
#   171 channels (230-400) ignored in spectrum #     4
#   305 channels (413-717) ignored in spectrum #     5
#   354 channels (402-755) ignored in spectrum #     6
#   180 channels (263-442) ignored in spectrum #     7
#
#
!XSPEC12>ig bad;
#
!XSPEC12>ignore bad
#
#ignore:    56 channels ignored from  source number 1
#ignore:    32 channels ignored from  source number 2
#ignore:    38 channels ignored from  source number 3
#ignore:    49 channels ignored from  source number 4
#ignore:    22 channels ignored from  source number 5
#ignore:    35 channels ignored from  source number 6
#ignore:    78 channels ignored from  source number 7
#
!XSPEC12>model apec + (apec + pow + apec) * phabs  ;  0.137696    -0.001        0.008    0.008      64      64  ;  1.0         -0.01             0        0       5       5  ;  0.0         -0.01             0        0       2       2  ;  1.49406E-06 -0.001            0        0    1e24    1e24  ;  0.538875    -0.01         0.008    0.008      64      64  ;  1.0         -0.01             0        0       5       5  ;  0.0         -0.01             0        0       2       2  ;  1.14164E-07 -0.001            0        0    1e24    1e24  ;  1.41        -0.01            -5       -5       5       5  ;  3.62605E-07 -0.01             0        0    1e24    1e24  ;  10.0         0.01         0.008    0.008      64      64  ;  0.205701    -0.01             0        0       5       5  ;  0.544       -0.01             0        0       2       2  ;  5e-4         0.001            0        0    1e24    1e24  ;  2.06e-2     -0.001            0        0       1       1  ;  =1  ;  =2  ;  =3  ;  =4  ;  =5  ;  =6  ;  =7  ;  =8  ;  =9  ;  3.35892E-07 -0.01             0        0    1e24    1e24  ;  =11  ;  =12  ;  =13  ;  =14  ;  =15  ;  =1  ;  =2  ;  =3  ;  =4  ;  =5  ;  =6  ;  =7  ;  =8  ;  =9  ;  3.36762E-07 -0.01             0        0    1e24    1e24  ;  =11  ;  =12  ;  =13  ;  =14  ;  =15  ;  =1  ;  =2  ;  =3  ;  =4  ;  =5  ;  =6  ;  =7  ;  =8  ;  =9  ;  4.25626E-07 -0.01             0        0    1e24    1e24  ;  =11  ;  =12  ;  =13  ;  =14  ;  =15  ;  =1  ;  =2  ;  =3  ;  =4  ;  =5  ;  =6  ;  =7  ;  =8  ;  =9  ;  2.01759E-07 -0.01             0        0    1e24    1e24  ;  =11  ;  =12  ;  =13  ;  =14  ;  =15  ;  =1  ;  =2  ;  =3  ;  =4  ;  =5  ;  =6  ;  =7  ;  =8  ;  =9  ;  2.38340E-07 -0.01             0        0    1e24    1e24  ;  =11  ;  =12  ;  =13  ;  =14  ;  =15  ;  =1  ;  =2  ;  =3  ;  =4  ;  =5  ;  =6  ;  =7  ;  =8  ;  =9  ;  4.29857E-07 -0.01             0        0    1e24    1e24  ;  =11  ;  =12  ;  =13  ;  =14  ;  =15;
#
#========================================================================
#Model apec<1> + (apec<2> + powerlaw<3> + apec<4>)phabs<5> Source No.: 1   Active/On
#Model Model Component  Parameter  Unit     Value
# par  comp
#                           Data group: 1
#   1    1   apec       kT         keV      0.137696     frozen
#   2    1   apec       Abundanc            1.00000      frozen
#   3    1   apec       Redshift            0.0          frozen
#   4    1   apec       norm                1.49406E-06  frozen
#   5    2   apec       kT         keV      0.538875     frozen
#   6    2   apec       Abundanc            1.00000      frozen
#   7    2   apec       Redshift            0.0          frozen
#   8    2   apec       norm                1.14164E-07  frozen
#   9    3   powerlaw   PhoIndex            1.41000      frozen
#  10    3   powerlaw   norm                3.62605E-07  frozen
#  11    4   apec       kT         keV      10.0000      +/-  0.0          
#  12    4   apec       Abundanc            0.205701     frozen
#  13    4   apec       Redshift            0.544000     frozen
#  14    4   apec       norm                5.00000E-04  +/-  0.0          
#  15    5   phabs      nH         10^22    2.06000E-02  frozen
#                           Data group: 2
#  16    1   apec       kT         keV      0.137696     = 1
#  17    1   apec       Abundanc            1.00000      = 2
#  18    1   apec       Redshift            0.0          = 3
#  19    1   apec       norm                1.49406E-06  = 4
#  20    2   apec       kT         keV      0.538875     = 5
#  21    2   apec       Abundanc            1.00000      = 6
#  22    2   apec       Redshift            0.0          = 7
#  23    2   apec       norm                1.14164E-07  = 8
#  24    3   powerlaw   PhoIndex            1.41000      = 9
#  25    3   powerlaw   norm                3.35892E-07  frozen
#  26    4   apec       kT         keV      10.0000      = 11
#  27    4   apec       Abundanc            0.205701     = 12
#  28    4   apec       Redshift            0.544000     = 13
#  29    4   apec       norm                5.00000E-04  = 14
#  30    5   phabs      nH         10^22    2.06000E-02  = 15
#                           Data group: 3
#  31    1   apec       kT         keV      0.137696     = 1
#  32    1   apec       Abundanc            1.00000      = 2
#  33    1   apec       Redshift            0.0          = 3
#  34    1   apec       norm                1.49406E-06  = 4
#  35    2   apec       kT         keV      0.538875     = 5
#  36    2   apec       Abundanc            1.00000      = 6
#  37    2   apec       Redshift            0.0          = 7
#  38    2   apec       norm                1.14164E-07  = 8
#  39    3   powerlaw   PhoIndex            1.41000      = 9
#  40    3   powerlaw   norm                3.36762E-07  frozen
#  41    4   apec       kT         keV      10.0000      = 11
#  42    4   apec       Abundanc            0.205701     = 12
#  43    4   apec       Redshift            0.544000     = 13
#  44    4   apec       norm                5.00000E-04  = 14
#  45    5   phabs      nH         10^22    2.06000E-02  = 15
#                           Data group: 4
#  46    1   apec       kT         keV      0.137696     = 1
#  47    1   apec       Abundanc            1.00000      = 2
#  48    1   apec       Redshift            0.0          = 3
#  49    1   apec       norm                1.49406E-06  = 4
#  50    2   apec       kT         keV      0.538875     = 5
#  51    2   apec       Abundanc            1.00000      = 6
#  52    2   apec       Redshift            0.0          = 7
#  53    2   apec       norm                1.14164E-07  = 8
#  54    3   powerlaw   PhoIndex            1.41000      = 9
#  55    3   powerlaw   norm                4.25626E-07  frozen
#  56    4   apec       kT         keV      10.0000      = 11
#  57    4   apec       Abundanc            0.205701     = 12
#  58    4   apec       Redshift            0.544000     = 13
#  59    4   apec       norm                5.00000E-04  = 14
#  60    5   phabs      nH         10^22    2.06000E-02  = 15
#                           Data group: 5
#  61    1   apec       kT         keV      0.137696     = 1
#  62    1   apec       Abundanc            1.00000      = 2
#  63    1   apec       Redshift            0.0          = 3
#  64    1   apec       norm                1.49406E-06  = 4
#  65    2   apec       kT         keV      0.538875     = 5
#  66    2   apec       Abundanc            1.00000      = 6
#  67    2   apec       Redshift            0.0          = 7
#  68    2   apec       norm                1.14164E-07  = 8
#  69    3   powerlaw   PhoIndex            1.41000      = 9
#  70    3   powerlaw   norm                2.01759E-07  frozen
#  71    4   apec       kT         keV      10.0000      = 11
#  72    4   apec       Abundanc            0.205701     = 12
#  73    4   apec       Redshift            0.544000     = 13
#  74    4   apec       norm                5.00000E-04  = 14
#  75    5   phabs      nH         10^22    2.06000E-02  = 15
#                           Data group: 6
#  76    1   apec       kT         keV      0.137696     = 1
#  77    1   apec       Abundanc            1.00000      = 2
#  78    1   apec       Redshift            0.0          = 3
#  79    1   apec       norm                1.49406E-06  = 4
#  80    2   apec       kT         keV      0.538875     = 5
#  81    2   apec       Abundanc            1.00000      = 6
#  82    2   apec       Redshift            0.0          = 7
#  83    2   apec       norm                1.14164E-07  = 8
#  84    3   powerlaw   PhoIndex            1.41000      = 9
#  85    3   powerlaw   norm                2.38340E-07  frozen
#  86    4   apec       kT         keV      10.0000      = 11
#  87    4   apec       Abundanc            0.205701     = 12
#  88    4   apec       Redshift            0.544000     = 13
#  89    4   apec       norm                5.00000E-04  = 14
#  90    5   phabs      nH         10^22    2.06000E-02  = 15
#                           Data group: 7
#  91    1   apec       kT         keV      0.137696     = 1
#  92    1   apec       Abundanc            1.00000      = 2
#  93    1   apec       Redshift            0.0          = 3
#  94    1   apec       norm                1.49406E-06  = 4
#  95    2   apec       kT         keV      0.538875     = 5
#  96    2   apec       Abundanc            1.00000      = 6
#  97    2   apec       Redshift            0.0          = 7
#  98    2   apec       norm                1.14164E-07  = 8
#  99    3   powerlaw   PhoIndex            1.41000      = 9
# 100    3   powerlaw   norm                4.29857E-07  frozen
# 101    4   apec       kT         keV      10.0000      = 11
# 102    4   apec       Abundanc            0.205701     = 12
# 103    4   apec       Redshift            0.544000     = 13
# 104    4   apec       norm                5.00000E-04  = 14
# 105    5   phabs      nH         10^22    2.06000E-02  = 15
#________________________________________________________________________
#
#
#Fit statistic : C-Statistic =       24643.44 using 2320 PHA bins and 2318 degrees of freedom.
#
#Test statistic : Chi-Squared =       92770.57 using 2320 PHA bins.
# Reduced chi-squared =       40.02181 for   2318 degrees of freedom 
# Null hypothesis probability =   0.000000e+00
# Current data and model not fit yet.
#
!XSPEC12>renorm;
#
#Fit statistic : C-Statistic =       24643.44 using 2320 PHA bins and 2318 degrees of freedom.
#
#Test statistic : Chi-Squared =       92770.57 using 2320 PHA bins.
# Reduced chi-squared =       40.02181 for   2318 degrees of freedom 
# Null hypothesis probability =   0.000000e+00
# Current data and model not fit yet.
#
!XSPEC12>fit 1000 1e-2;
#                                   Parameters
#C-Statistic  |beta|/N    Lvl         11:kT       14:norm
#2352.5       2.02031e+07  -3       34.9111   9.75153e-05
#2216.53      3.78975e+06  -4       14.7154   9.66558e-05
#2156.53      2.57109e+06  -5       11.3249   0.000105976
#2155.35      271095       -6       11.6549   0.000106968
#2154.82      110661       -7       12.0050   0.000107356
#2154.54      73872.2      -8       12.2660   0.000107611
#2154.39      53167.2      -9       12.4590   0.000107797
#2154.31      38409.8     -10       12.5999   0.000107934
#2154.27      27475       -11       12.7015   0.000108033
#2154.25      19575.9     -12       12.7751   0.000108105
#2154.24      13780.1     -13       12.8273   0.000108156
#2154.23      9733.03     -14       12.8641   0.000108191
#==============================
# Variances and Principal Axes
#                11       14  
# 5.9314E-01| -1.0000   0.0000  
# 1.9900E-12| -0.0000  -1.0000  
#------------------------------
#
#========================
#  Covariance Matrix
#        1           2   
#   5.931e-01  -4.771e-08
#  -4.771e-08   1.994e-12
#------------------------
#
#========================================================================
#Model apec<1> + (apec<2> + powerlaw<3> + apec<4>)phabs<5> Source No.: 1   Active/On
#Model Model Component  Parameter  Unit     Value
# par  comp
#                           Data group: 1
#   1    1   apec       kT         keV      0.137696     frozen
#   2    1   apec       Abundanc            1.00000      frozen
#   3    1   apec       Redshift            0.0          frozen
#   4    1   apec       norm                1.49406E-06  frozen
#   5    2   apec       kT         keV      0.538875     frozen
#   6    2   apec       Abundanc            1.00000      frozen
#   7    2   apec       Redshift            0.0          frozen
#   8    2   apec       norm                1.14164E-07  frozen
#   9    3   powerlaw   PhoIndex            1.41000      frozen
#  10    3   powerlaw   norm                3.62605E-07  frozen
#  11    4   apec       kT         keV      12.8641      +/-  0.770154     
#  12    4   apec       Abundanc            0.205701     frozen
#  13    4   apec       Redshift            0.544000     frozen
#  14    4   apec       norm                1.08191E-04  +/-  1.41202E-06  
#  15    5   phabs      nH         10^22    2.06000E-02  frozen
#                           Data group: 2
#  16    1   apec       kT         keV      0.137696     = 1
#  17    1   apec       Abundanc            1.00000      = 2
#  18    1   apec       Redshift            0.0          = 3
#  19    1   apec       norm                1.49406E-06  = 4
#  20    2   apec       kT         keV      0.538875     = 5
#  21    2   apec       Abundanc            1.00000      = 6
#  22    2   apec       Redshift            0.0          = 7
#  23    2   apec       norm                1.14164E-07  = 8
#  24    3   powerlaw   PhoIndex            1.41000      = 9
#  25    3   powerlaw   norm                3.35892E-07  frozen
#  26    4   apec       kT         keV      12.8641      = 11
#  27    4   apec       Abundanc            0.205701     = 12
#  28    4   apec       Redshift            0.544000     = 13
#  29    4   apec       norm                1.08191E-04  = 14
#  30    5   phabs      nH         10^22    2.06000E-02  = 15
#                           Data group: 3
#  31    1   apec       kT         keV      0.137696     = 1
#  32    1   apec       Abundanc            1.00000      = 2
#  33    1   apec       Redshift            0.0          = 3
#  34    1   apec       norm                1.49406E-06  = 4
#  35    2   apec       kT         keV      0.538875     = 5
#  36    2   apec       Abundanc            1.00000      = 6
#  37    2   apec       Redshift            0.0          = 7
#  38    2   apec       norm                1.14164E-07  = 8
#  39    3   powerlaw   PhoIndex            1.41000      = 9
#  40    3   powerlaw   norm                3.36762E-07  frozen
#  41    4   apec       kT         keV      12.8641      = 11
#  42    4   apec       Abundanc            0.205701     = 12
#  43    4   apec       Redshift            0.544000     = 13
#  44    4   apec       norm                1.08191E-04  = 14
#  45    5   phabs      nH         10^22    2.06000E-02  = 15
#                           Data group: 4
#  46    1   apec       kT         keV      0.137696     = 1
#  47    1   apec       Abundanc            1.00000      = 2
#  48    1   apec       Redshift            0.0          = 3
#  49    1   apec       norm                1.49406E-06  = 4
#  50    2   apec       kT         keV      0.538875     = 5
#  51    2   apec       Abundanc            1.00000      = 6
#  52    2   apec       Redshift            0.0          = 7
#  53    2   apec       norm                1.14164E-07  = 8
#  54    3   powerlaw   PhoIndex            1.41000      = 9
#  55    3   powerlaw   norm                4.25626E-07  frozen
#  56    4   apec       kT         keV      12.8641      = 11
#  57    4   apec       Abundanc            0.205701     = 12
#  58    4   apec       Redshift            0.544000     = 13
#  59    4   apec       norm                1.08191E-04  = 14
#  60    5   phabs      nH         10^22    2.06000E-02  = 15
#                           Data group: 5
#  61    1   apec       kT         keV      0.137696     = 1
#  62    1   apec       Abundanc            1.00000      = 2
#  63    1   apec       Redshift            0.0          = 3
#  64    1   apec       norm                1.49406E-06  = 4
#  65    2   apec       kT         keV      0.538875     = 5
#  66    2   apec       Abundanc            1.00000      = 6
#  67    2   apec       Redshift            0.0          = 7
#  68    2   apec       norm                1.14164E-07  = 8
#  69    3   powerlaw   PhoIndex            1.41000      = 9
#  70    3   powerlaw   norm                2.01759E-07  frozen
#  71    4   apec       kT         keV      12.8641      = 11
#  72    4   apec       Abundanc            0.205701     = 12
#  73    4   apec       Redshift            0.544000     = 13
#  74    4   apec       norm                1.08191E-04  = 14
#  75    5   phabs      nH         10^22    2.06000E-02  = 15
#                           Data group: 6
#  76    1   apec       kT         keV      0.137696     = 1
#  77    1   apec       Abundanc            1.00000      = 2
#  78    1   apec       Redshift            0.0          = 3
#  79    1   apec       norm                1.49406E-06  = 4
#  80    2   apec       kT         keV      0.538875     = 5
#  81    2   apec       Abundanc            1.00000      = 6
#  82    2   apec       Redshift            0.0          = 7
#  83    2   apec       norm                1.14164E-07  = 8
#  84    3   powerlaw   PhoIndex            1.41000      = 9
#  85    3   powerlaw   norm                2.38340E-07  frozen
#  86    4   apec       kT         keV      12.8641      = 11
#  87    4   apec       Abundanc            0.205701     = 12
#  88    4   apec       Redshift            0.544000     = 13
#  89    4   apec       norm                1.08191E-04  = 14
#  90    5   phabs      nH         10^22    2.06000E-02  = 15
#                           Data group: 7
#  91    1   apec       kT         keV      0.137696     = 1
#  92    1   apec       Abundanc            1.00000      = 2
#  93    1   apec       Redshift            0.0          = 3
#  94    1   apec       norm                1.49406E-06  = 4
#  95    2   apec       kT         keV      0.538875     = 5
#  96    2   apec       Abundanc            1.00000      = 6
#  97    2   apec       Redshift            0.0          = 7
#  98    2   apec       norm                1.14164E-07  = 8
#  99    3   powerlaw   PhoIndex            1.41000      = 9
# 100    3   powerlaw   norm                4.29857E-07  frozen
# 101    4   apec       kT         keV      12.8641      = 11
# 102    4   apec       Abundanc            0.205701     = 12
# 103    4   apec       Redshift            0.544000     = 13
# 104    4   apec       norm                1.08191E-04  = 14
# 105    5   phabs      nH         10^22    2.06000E-02  = 15
#________________________________________________________________________
#
#
#Fit statistic : C-Statistic =        2154.23 using 2320 PHA bins and 2318 degrees of freedom.
#
#Test statistic : Chi-Squared =        2869.75 using 2320 PHA bins.
# Reduced chi-squared =        1.23803 for   2318 degrees of freedom 
# Null hypothesis probability =   2.229625e-14
#
!XSPEC12>error 2.706 11,14;
# Parameter   Confidence Range (2.706)
#    11      10.8188      15.3521    (-2.07141,2.46192)
#    14   0.00010539  0.000111188    (-2.82674e-06,2.97134e-06)
#
!XSPEC12>quit;
#
!XSPEC12>::tclreadline::readline write /home/gogrean/.xspec/xspec.hty
# XSPEC: quit
#
!XSPEC12>tclexit
#